ERROR 2025-06-08 10:33:22,748 views Registration error for user testuser3: login() takes 1 positional argument but 2 were given
ERROR 2025-06-08 10:35:00,785 views Registration error for user testuser: login() takes 1 positional argument but 2 were given
ERROR 2025-06-08 10:38:06,090 views Registration error for user testuser: login() takes 1 positional argument but 2 were given
ERROR 2025-06-08 10:41:46,244 views Registration error for user informatics: login() takes 1 positional argument but 2 were given
ERROR 2025-06-08 10:49:40,781 views Registration error for user informatic: (1062, "Duplicate entry '+9779817189947' for key 'phone'")
ERROR 2025-06-08 12:38:51,377 log Internal Server Error: /
Traceback (most recent call last):
  File "C:\Users\DEXY GURUNG\Documents\ByteSoft Nepal\LittleHeartNepal\LittleHeart\Lib\site-packages\django\core\handlers\exception.py", line 55, in inner
    response = get_response(request)
               ^^^^^^^^^^^^^^^^^^^^^
  File "C:\Users\DEXY GURUNG\Documents\ByteSoft Nepal\LittleHeartNepal\LittleHeart\Lib\site-packages\django\core\handlers\base.py", line 197, in _get_response
    response = wrapped_callback(request, *callback_args, **callback_kwargs)
               ^^^^^^^^^^^^^^^^^^^^^^^^^^^^^^^^^^^^^^^^^^^^^^^^^^^^^^^^^^^^
  File "C:\Users\DEXY GURUNG\Documents\ByteSoft Nepal\LittleHeartNepal\frontend_littleheart\views.py", line 19, in home
    return render(request, 'frontend_littleheart/index.html')
           ^^^^^^^^^^^^^^^^^^^^^^^^^^^^^^^^^^^^^^^^^^^^^^^^^^
  File "C:\Users\DEXY GURUNG\Documents\ByteSoft Nepal\LittleHeartNepal\LittleHeart\Lib\site-packages\django\shortcuts.py", line 25, in render
    content = loader.render_to_string(template_name, context, request, using=using)
              ^^^^^^^^^^^^^^^^^^^^^^^^^^^^^^^^^^^^^^^^^^^^^^^^^^^^^^^^^^^^^^^^^^^^^
  File "C:\Users\DEXY GURUNG\Documents\ByteSoft Nepal\LittleHeartNepal\LittleHeart\Lib\site-packages\django\template\loader.py", line 62, in render_to_string
    return template.render(context, request)
           ^^^^^^^^^^^^^^^^^^^^^^^^^^^^^^^^^
  File "C:\Users\DEXY GURUNG\Documents\ByteSoft Nepal\LittleHeartNepal\LittleHeart\Lib\site-packages\django\template\backends\django.py", line 107, in render
    return self.template.render(context)
           ^^^^^^^^^^^^^^^^^^^^^^^^^^^^^
  File "C:\Users\DEXY GURUNG\Documents\ByteSoft Nepal\LittleHeartNepal\LittleHeart\Lib\site-packages\django\template\base.py", line 171, in render
    return self._render(context)
           ^^^^^^^^^^^^^^^^^^^^^
  File "C:\Users\DEXY GURUNG\Documents\ByteSoft Nepal\LittleHeartNepal\LittleHeart\Lib\site-packages\django\template\base.py", line 163, in _render
    return self.nodelist.render(context)
           ^^^^^^^^^^^^^^^^^^^^^^^^^^^^^
  File "C:\Users\DEXY GURUNG\Documents\ByteSoft Nepal\LittleHeartNepal\LittleHeart\Lib\site-packages\django\template\base.py", line 1016, in render
    return SafeString("".join([node.render_annotated(context) for node in self]))
                               ^^^^^^^^^^^^^^^^^^^^^^^^^^^^^^
  File "C:\Users\DEXY GURUNG\Documents\ByteSoft Nepal\LittleHeartNepal\LittleHeart\Lib\site-packages\django\template\base.py", line 977, in render_annotated
    return self.render(context)
           ^^^^^^^^^^^^^^^^^^^^
  File "C:\Users\DEXY GURUNG\Documents\ByteSoft Nepal\LittleHeartNepal\LittleHeart\Lib\site-packages\django\template\loader_tags.py", line 159, in render
    return compiled_parent._render(context)
           ^^^^^^^^^^^^^^^^^^^^^^^^^^^^^^^^
  File "C:\Users\DEXY GURUNG\Documents\ByteSoft Nepal\LittleHeartNepal\LittleHeart\Lib\site-packages\django\template\base.py", line 163, in _render
    return self.nodelist.render(context)
           ^^^^^^^^^^^^^^^^^^^^^^^^^^^^^
  File "C:\Users\DEXY GURUNG\Documents\ByteSoft Nepal\LittleHeartNepal\LittleHeart\Lib\site-packages\django\template\base.py", line 1016, in render
    return SafeString("".join([node.render_annotated(context) for node in self]))
                               ^^^^^^^^^^^^^^^^^^^^^^^^^^^^^^
  File "C:\Users\DEXY GURUNG\Documents\ByteSoft Nepal\LittleHeartNepal\LittleHeart\Lib\site-packages\django\template\base.py", line 977, in render_annotated
    return self.render(context)
           ^^^^^^^^^^^^^^^^^^^^
  File "C:\Users\DEXY GURUNG\Documents\ByteSoft Nepal\LittleHeartNepal\LittleHeart\Lib\site-packages\django\template\loader_tags.py", line 210, in render
    return template.render(context)
           ^^^^^^^^^^^^^^^^^^^^^^^^
  File "C:\Users\DEXY GURUNG\Documents\ByteSoft Nepal\LittleHeartNepal\LittleHeart\Lib\site-packages\django\template\base.py", line 173, in render
    return self._render(context)
           ^^^^^^^^^^^^^^^^^^^^^
  File "C:\Users\DEXY GURUNG\Documents\ByteSoft Nepal\LittleHeartNepal\LittleHeart\Lib\site-packages\django\template\base.py", line 163, in _render
    return self.nodelist.render(context)
           ^^^^^^^^^^^^^^^^^^^^^^^^^^^^^
  File "C:\Users\DEXY GURUNG\Documents\ByteSoft Nepal\LittleHeartNepal\LittleHeart\Lib\site-packages\django\template\base.py", line 1016, in render
    return SafeString("".join([node.render_annotated(context) for node in self]))
                               ^^^^^^^^^^^^^^^^^^^^^^^^^^^^^^
  File "C:\Users\DEXY GURUNG\Documents\ByteSoft Nepal\LittleHeartNepal\LittleHeart\Lib\site-packages\django\template\base.py", line 977, in render_annotated
    return self.render(context)
           ^^^^^^^^^^^^^^^^^^^^
  File "C:\Users\DEXY GURUNG\Documents\ByteSoft Nepal\LittleHeartNepal\LittleHeart\Lib\site-packages\django\template\defaulttags.py", line 480, in render
    url = reverse(view_name, args=args, kwargs=kwargs, current_app=current_app)
          ^^^^^^^^^^^^^^^^^^^^^^^^^^^^^^^^^^^^^^^^^^^^^^^^^^^^^^^^^^^^^^^^^^^^^
  File "C:\Users\DEXY GURUNG\Documents\ByteSoft Nepal\LittleHeartNepal\LittleHeart\Lib\site-packages\django\urls\base.py", line 98, in reverse
    resolved_url = resolver._reverse_with_prefix(view, prefix, *args, **kwargs)
                   ^^^^^^^^^^^^^^^^^^^^^^^^^^^^^^^^^^^^^^^^^^^^^^^^^^^^^^^^^^^^
  File "C:\Users\DEXY GURUNG\Documents\ByteSoft Nepal\LittleHeartNepal\LittleHeart\Lib\site-packages\django\urls\resolvers.py", line 831, in _reverse_with_prefix
    raise NoReverseMatch(msg)
django.urls.exceptions.NoReverseMatch: Reverse for 'blog' not found. 'blog' is not a valid view function or pattern name.
ERROR 2025-06-08 12:43:11,340 log Internal Server Error: /
Traceback (most recent call last):
  File "C:\Users\DEXY GURUNG\Documents\ByteSoft Nepal\LittleHeartNepal\LittleHeart\Lib\site-packages\django\core\handlers\exception.py", line 55, in inner
    response = get_response(request)
               ^^^^^^^^^^^^^^^^^^^^^
  File "C:\Users\DEXY GURUNG\Documents\ByteSoft Nepal\LittleHeartNepal\LittleHeart\Lib\site-packages\django\core\handlers\base.py", line 197, in _get_response
    response = wrapped_callback(request, *callback_args, **callback_kwargs)
               ^^^^^^^^^^^^^^^^^^^^^^^^^^^^^^^^^^^^^^^^^^^^^^^^^^^^^^^^^^^^
  File "C:\Users\DEXY GURUNG\Documents\ByteSoft Nepal\LittleHeartNepal\frontend_littleheart\views.py", line 19, in home
    return render(request, 'frontend_littleheart/index.html')
           ^^^^^^^^^^^^^^^^^^^^^^^^^^^^^^^^^^^^^^^^^^^^^^^^^^
  File "C:\Users\DEXY GURUNG\Documents\ByteSoft Nepal\LittleHeartNepal\LittleHeart\Lib\site-packages\django\shortcuts.py", line 25, in render
    content = loader.render_to_string(template_name, context, request, using=using)
              ^^^^^^^^^^^^^^^^^^^^^^^^^^^^^^^^^^^^^^^^^^^^^^^^^^^^^^^^^^^^^^^^^^^^^
  File "C:\Users\DEXY GURUNG\Documents\ByteSoft Nepal\LittleHeartNepal\LittleHeart\Lib\site-packages\django\template\loader.py", line 62, in render_to_string
    return template.render(context, request)
           ^^^^^^^^^^^^^^^^^^^^^^^^^^^^^^^^^
  File "C:\Users\DEXY GURUNG\Documents\ByteSoft Nepal\LittleHeartNepal\LittleHeart\Lib\site-packages\django\template\backends\django.py", line 107, in render
    return self.template.render(context)
           ^^^^^^^^^^^^^^^^^^^^^^^^^^^^^
  File "C:\Users\DEXY GURUNG\Documents\ByteSoft Nepal\LittleHeartNepal\LittleHeart\Lib\site-packages\django\template\base.py", line 171, in render
    return self._render(context)
           ^^^^^^^^^^^^^^^^^^^^^
  File "C:\Users\DEXY GURUNG\Documents\ByteSoft Nepal\LittleHeartNepal\LittleHeart\Lib\site-packages\django\template\base.py", line 163, in _render
    return self.nodelist.render(context)
           ^^^^^^^^^^^^^^^^^^^^^^^^^^^^^
  File "C:\Users\DEXY GURUNG\Documents\ByteSoft Nepal\LittleHeartNepal\LittleHeart\Lib\site-packages\django\template\base.py", line 1016, in render
    return SafeString("".join([node.render_annotated(context) for node in self]))
                               ^^^^^^^^^^^^^^^^^^^^^^^^^^^^^^
  File "C:\Users\DEXY GURUNG\Documents\ByteSoft Nepal\LittleHeartNepal\LittleHeart\Lib\site-packages\django\template\base.py", line 977, in render_annotated
    return self.render(context)
           ^^^^^^^^^^^^^^^^^^^^
  File "C:\Users\DEXY GURUNG\Documents\ByteSoft Nepal\LittleHeartNepal\LittleHeart\Lib\site-packages\django\template\loader_tags.py", line 159, in render
    return compiled_parent._render(context)
           ^^^^^^^^^^^^^^^^^^^^^^^^^^^^^^^^
  File "C:\Users\DEXY GURUNG\Documents\ByteSoft Nepal\LittleHeartNepal\LittleHeart\Lib\site-packages\django\template\base.py", line 163, in _render
    return self.nodelist.render(context)
           ^^^^^^^^^^^^^^^^^^^^^^^^^^^^^
  File "C:\Users\DEXY GURUNG\Documents\ByteSoft Nepal\LittleHeartNepal\LittleHeart\Lib\site-packages\django\template\base.py", line 1016, in render
    return SafeString("".join([node.render_annotated(context) for node in self]))
                               ^^^^^^^^^^^^^^^^^^^^^^^^^^^^^^
  File "C:\Users\DEXY GURUNG\Documents\ByteSoft Nepal\LittleHeartNepal\LittleHeart\Lib\site-packages\django\template\base.py", line 977, in render_annotated
    return self.render(context)
           ^^^^^^^^^^^^^^^^^^^^
  File "C:\Users\DEXY GURUNG\Documents\ByteSoft Nepal\LittleHeartNepal\LittleHeart\Lib\site-packages\django\template\loader_tags.py", line 210, in render
    return template.render(context)
           ^^^^^^^^^^^^^^^^^^^^^^^^
  File "C:\Users\DEXY GURUNG\Documents\ByteSoft Nepal\LittleHeartNepal\LittleHeart\Lib\site-packages\django\template\base.py", line 173, in render
    return self._render(context)
           ^^^^^^^^^^^^^^^^^^^^^
  File "C:\Users\DEXY GURUNG\Documents\ByteSoft Nepal\LittleHeartNepal\LittleHeart\Lib\site-packages\django\template\base.py", line 163, in _render
    return self.nodelist.render(context)
           ^^^^^^^^^^^^^^^^^^^^^^^^^^^^^
  File "C:\Users\DEXY GURUNG\Documents\ByteSoft Nepal\LittleHeartNepal\LittleHeart\Lib\site-packages\django\template\base.py", line 1016, in render
    return SafeString("".join([node.render_annotated(context) for node in self]))
                               ^^^^^^^^^^^^^^^^^^^^^^^^^^^^^^
  File "C:\Users\DEXY GURUNG\Documents\ByteSoft Nepal\LittleHeartNepal\LittleHeart\Lib\site-packages\django\template\base.py", line 977, in render_annotated
    return self.render(context)
           ^^^^^^^^^^^^^^^^^^^^
  File "C:\Users\DEXY GURUNG\Documents\ByteSoft Nepal\LittleHeartNepal\LittleHeart\Lib\site-packages\django\template\defaulttags.py", line 480, in render
    url = reverse(view_name, args=args, kwargs=kwargs, current_app=current_app)
          ^^^^^^^^^^^^^^^^^^^^^^^^^^^^^^^^^^^^^^^^^^^^^^^^^^^^^^^^^^^^^^^^^^^^^
  File "C:\Users\DEXY GURUNG\Documents\ByteSoft Nepal\LittleHeartNepal\LittleHeart\Lib\site-packages\django\urls\base.py", line 98, in reverse
    resolved_url = resolver._reverse_with_prefix(view, prefix, *args, **kwargs)
                   ^^^^^^^^^^^^^^^^^^^^^^^^^^^^^^^^^^^^^^^^^^^^^^^^^^^^^^^^^^^^
  File "C:\Users\DEXY GURUNG\Documents\ByteSoft Nepal\LittleHeartNepal\LittleHeart\Lib\site-packages\django\urls\resolvers.py", line 831, in _reverse_with_prefix
    raise NoReverseMatch(msg)
django.urls.exceptions.NoReverseMatch: Reverse for 'blog' not found. 'blog' is not a valid view function or pattern name.
ERROR 2025-06-09 10:46:09,863 log Internal Server Error: /register/
Traceback (most recent call last):
  File "C:\Users\DEXY GURUNG\Documents\ByteSoft Nepal\LittleHeartNepal\LittleHeart\Lib\site-packages\django\core\handlers\exception.py", line 55, in inner
    response = get_response(request)
               ^^^^^^^^^^^^^^^^^^^^^
  File "C:\Users\DEXY GURUNG\Documents\ByteSoft Nepal\LittleHeartNepal\LittleHeart\Lib\site-packages\django\core\handlers\base.py", line 197, in _get_response
    response = wrapped_callback(request, *callback_args, **callback_kwargs)
               ^^^^^^^^^^^^^^^^^^^^^^^^^^^^^^^^^^^^^^^^^^^^^^^^^^^^^^^^^^^^
  File "C:\Users\DEXY GURUNG\Documents\ByteSoft Nepal\LittleHeartNepal\frontend_littleheart\views.py", line 60, in register
    otp = OTP.objects.get(email=email, is_verified=False)
          ^^^^^^^^^^^^^^^^^^^^^^^^^^^^^^^^^^^^^^^^^^^^^^^
  File "C:\Users\DEXY GURUNG\Documents\ByteSoft Nepal\LittleHeartNepal\LittleHeart\Lib\site-packages\django\db\models\manager.py", line 87, in manager_method
    return getattr(self.get_queryset(), name)(*args, **kwargs)
           ^^^^^^^^^^^^^^^^^^^^^^^^^^^^^^^^^^^^^^^^^^^^^^^^^^^
  File "C:\Users\DEXY GURUNG\Documents\ByteSoft Nepal\LittleHeartNepal\LittleHeart\Lib\site-packages\django\db\models\query.py", line 636, in get
    raise self.model.MultipleObjectsReturned(
frontend_littleheart.models.OTP.MultipleObjectsReturned: get() returned more than one OTP -- it returned 3!
ERROR 2025-06-09 10:54:38,525 log Internal Server Error: /register/
Traceback (most recent call last):
  File "C:\Users\DEXY GURUNG\Documents\ByteSoft Nepal\LittleHeartNepal\LittleHeart\Lib\site-packages\django\template\base.py", line 510, in parse
    compile_func = self.tags[command]
                   ~~~~~~~~~^^^^^^^^^
KeyError: 'endfor'

During handling of the above exception, another exception occurred:

Traceback (most recent call last):
  File "C:\Users\DEXY GURUNG\Documents\ByteSoft Nepal\LittleHeartNepal\LittleHeart\Lib\site-packages\django\core\handlers\exception.py", line 55, in inner
    response = get_response(request)
               ^^^^^^^^^^^^^^^^^^^^^
  File "C:\Users\DEXY GURUNG\Documents\ByteSoft Nepal\LittleHeartNepal\LittleHeart\Lib\site-packages\django\core\handlers\base.py", line 197, in _get_response
    response = wrapped_callback(request, *callback_args, **callback_kwargs)
               ^^^^^^^^^^^^^^^^^^^^^^^^^^^^^^^^^^^^^^^^^^^^^^^^^^^^^^^^^^^^
  File "C:\Users\DEXY GURUNG\Documents\ByteSoft Nepal\LittleHeartNepal\frontend_littleheart\views.py", line 104, in register
    return render(request, 'frontend_littleheart/register.html', {'form': form, 'show_modal': True})
           ^^^^^^^^^^^^^^^^^^^^^^^^^^^^^^^^^^^^^^^^^^^^^^^^^^^^^^^^^^^^^^^^^^^^^^^^^^^^^^^^^^^^^^^^^
  File "C:\Users\DEXY GURUNG\Documents\ByteSoft Nepal\LittleHeartNepal\LittleHeart\Lib\site-packages\django\shortcuts.py", line 25, in render
    content = loader.render_to_string(template_name, context, request, using=using)
              ^^^^^^^^^^^^^^^^^^^^^^^^^^^^^^^^^^^^^^^^^^^^^^^^^^^^^^^^^^^^^^^^^^^^^
  File "C:\Users\DEXY GURUNG\Documents\ByteSoft Nepal\LittleHeartNepal\LittleHeart\Lib\site-packages\django\template\loader.py", line 61, in render_to_string
    template = get_template(template_name, using=using)
               ^^^^^^^^^^^^^^^^^^^^^^^^^^^^^^^^^^^^^^^^
  File "C:\Users\DEXY GURUNG\Documents\ByteSoft Nepal\LittleHeartNepal\LittleHeart\Lib\site-packages\django\template\loader.py", line 15, in get_template
    return engine.get_template(template_name)
           ^^^^^^^^^^^^^^^^^^^^^^^^^^^^^^^^^^
  File "C:\Users\DEXY GURUNG\Documents\ByteSoft Nepal\LittleHeartNepal\LittleHeart\Lib\site-packages\django\template\backends\django.py", line 79, in get_template
    return Template(self.engine.get_template(template_name), self)
                    ^^^^^^^^^^^^^^^^^^^^^^^^^^^^^^^^^^^^^^^
  File "C:\Users\DEXY GURUNG\Documents\ByteSoft Nepal\LittleHeartNepal\LittleHeart\Lib\site-packages\django\template\engine.py", line 177, in get_template
    template, origin = self.find_template(template_name)
                       ^^^^^^^^^^^^^^^^^^^^^^^^^^^^^^^^^
  File "C:\Users\DEXY GURUNG\Documents\ByteSoft Nepal\LittleHeartNepal\LittleHeart\Lib\site-packages\django\template\engine.py", line 159, in find_template
    template = loader.get_template(name, skip=skip)
               ^^^^^^^^^^^^^^^^^^^^^^^^^^^^^^^^^^^^
  File "C:\Users\DEXY GURUNG\Documents\ByteSoft Nepal\LittleHeartNepal\LittleHeart\Lib\site-packages\django\template\loaders\cached.py", line 57, in get_template
    template = super().get_template(template_name, skip)
               ^^^^^^^^^^^^^^^^^^^^^^^^^^^^^^^^^^^^^^^^^
  File "C:\Users\DEXY GURUNG\Documents\ByteSoft Nepal\LittleHeartNepal\LittleHeart\Lib\site-packages\django\template\loaders\base.py", line 28, in get_template
    return Template(
           ^^^^^^^^^
  File "C:\Users\DEXY GURUNG\Documents\ByteSoft Nepal\LittleHeartNepal\LittleHeart\Lib\site-packages\django\template\base.py", line 154, in __init__
    self.nodelist = self.compile_nodelist()
                    ^^^^^^^^^^^^^^^^^^^^^^^
  File "C:\Users\DEXY GURUNG\Documents\ByteSoft Nepal\LittleHeartNepal\LittleHeart\Lib\site-packages\django\template\base.py", line 196, in compile_nodelist
    nodelist = parser.parse()
               ^^^^^^^^^^^^^^
  File "C:\Users\DEXY GURUNG\Documents\ByteSoft Nepal\LittleHeartNepal\LittleHeart\Lib\site-packages\django\template\base.py", line 518, in parse
    raise self.error(token, e)
  File "C:\Users\DEXY GURUNG\Documents\ByteSoft Nepal\LittleHeartNepal\LittleHeart\Lib\site-packages\django\template\base.py", line 516, in parse
    compiled_result = compile_func(self, token)
                      ^^^^^^^^^^^^^^^^^^^^^^^^^
  File "C:\Users\DEXY GURUNG\Documents\ByteSoft Nepal\LittleHeartNepal\LittleHeart\Lib\site-packages\django\template\loader_tags.py", line 299, in do_extends
    nodelist = parser.parse()
               ^^^^^^^^^^^^^^
  File "C:\Users\DEXY GURUNG\Documents\ByteSoft Nepal\LittleHeartNepal\LittleHeart\Lib\site-packages\django\template\base.py", line 518, in parse
    raise self.error(token, e)
  File "C:\Users\DEXY GURUNG\Documents\ByteSoft Nepal\LittleHeartNepal\LittleHeart\Lib\site-packages\django\template\base.py", line 516, in parse
    compiled_result = compile_func(self, token)
                      ^^^^^^^^^^^^^^^^^^^^^^^^^
  File "C:\Users\DEXY GURUNG\Documents\ByteSoft Nepal\LittleHeartNepal\LittleHeart\Lib\site-packages\django\template\loader_tags.py", line 234, in do_block
    nodelist = parser.parse(("endblock",))
               ^^^^^^^^^^^^^^^^^^^^^^^^^^^
  File "C:\Users\DEXY GURUNG\Documents\ByteSoft Nepal\LittleHeartNepal\LittleHeart\Lib\site-packages\django\template\base.py", line 518, in parse
    raise self.error(token, e)
  File "C:\Users\DEXY GURUNG\Documents\ByteSoft Nepal\LittleHeartNepal\LittleHeart\Lib\site-packages\django\template\base.py", line 516, in parse
    compiled_result = compile_func(self, token)
                      ^^^^^^^^^^^^^^^^^^^^^^^^^
  File "C:\Users\DEXY GURUNG\Documents\ByteSoft Nepal\LittleHeartNepal\LittleHeart\Lib\site-packages\django\template\defaulttags.py", line 962, in do_if
    nodelist = parser.parse(("elif", "else", "endif"))
               ^^^^^^^^^^^^^^^^^^^^^^^^^^^^^^^^^^^^^^^
  File "C:\Users\DEXY GURUNG\Documents\ByteSoft Nepal\LittleHeartNepal\LittleHeart\Lib\site-packages\django\template\base.py", line 518, in parse
    raise self.error(token, e)
  File "C:\Users\DEXY GURUNG\Documents\ByteSoft Nepal\LittleHeartNepal\LittleHeart\Lib\site-packages\django\template\base.py", line 516, in parse
    compiled_result = compile_func(self, token)
                      ^^^^^^^^^^^^^^^^^^^^^^^^^
  File "C:\Users\DEXY GURUNG\Documents\ByteSoft Nepal\LittleHeartNepal\LittleHeart\Lib\site-packages\django\template\defaulttags.py", line 862, in do_for
    nodelist_loop = parser.parse(
                    ^^^^^^^^^^^^^
  File "C:\Users\DEXY GURUNG\Documents\ByteSoft Nepal\LittleHeartNepal\LittleHeart\Lib\site-packages\django\template\base.py", line 518, in parse
    raise self.error(token, e)
  File "C:\Users\DEXY GURUNG\Documents\ByteSoft Nepal\LittleHeartNepal\LittleHeart\Lib\site-packages\django\template\base.py", line 516, in parse
    compiled_result = compile_func(self, token)
                      ^^^^^^^^^^^^^^^^^^^^^^^^^
  File "C:\Users\DEXY GURUNG\Documents\ByteSoft Nepal\LittleHeartNepal\LittleHeart\Lib\site-packages\django\template\defaulttags.py", line 962, in do_if
    nodelist = parser.parse(("elif", "else", "endif"))
               ^^^^^^^^^^^^^^^^^^^^^^^^^^^^^^^^^^^^^^^
  File "C:\Users\DEXY GURUNG\Documents\ByteSoft Nepal\LittleHeartNepal\LittleHeart\Lib\site-packages\django\template\base.py", line 512, in parse
    self.invalid_block_tag(token, command, parse_until)
  File "C:\Users\DEXY GURUNG\Documents\ByteSoft Nepal\LittleHeartNepal\LittleHeart\Lib\site-packages\django\template\base.py", line 567, in invalid_block_tag
    raise self.error(
django.template.exceptions.TemplateSyntaxError: Invalid block tag on line 255: 'endfor', expected 'elif', 'else' or 'endif'. Did you forget to register or load this tag?
ERROR 2025-06-09 10:55:37,031 log Internal Server Error: /register/
Traceback (most recent call last):
  File "C:\Users\DEXY GURUNG\Documents\ByteSoft Nepal\LittleHeartNepal\LittleHeart\Lib\site-packages\django\template\base.py", line 510, in parse
    compile_func = self.tags[command]
                   ~~~~~~~~~^^^^^^^^^
KeyError: 'endfor'

During handling of the above exception, another exception occurred:

Traceback (most recent call last):
  File "C:\Users\DEXY GURUNG\Documents\ByteSoft Nepal\LittleHeartNepal\LittleHeart\Lib\site-packages\django\core\handlers\exception.py", line 55, in inner
    response = get_response(request)
               ^^^^^^^^^^^^^^^^^^^^^
  File "C:\Users\DEXY GURUNG\Documents\ByteSoft Nepal\LittleHeartNepal\LittleHeart\Lib\site-packages\django\core\handlers\base.py", line 197, in _get_response
    response = wrapped_callback(request, *callback_args, **callback_kwargs)
               ^^^^^^^^^^^^^^^^^^^^^^^^^^^^^^^^^^^^^^^^^^^^^^^^^^^^^^^^^^^^
  File "C:\Users\DEXY GURUNG\Documents\ByteSoft Nepal\LittleHeartNepal\frontend_littleheart\views.py", line 104, in register
    return render(request, 'frontend_littleheart/register.html', {'form': form, 'show_modal': True})
           ^^^^^^^^^^^^^^^^^^^^^^^^^^^^^^^^^^^^^^^^^^^^^^^^^^^^^^^^^^^^^^^^^^^^^^^^^^^^^^^^^^^^^^^^^
  File "C:\Users\DEXY GURUNG\Documents\ByteSoft Nepal\LittleHeartNepal\LittleHeart\Lib\site-packages\django\shortcuts.py", line 25, in render
    content = loader.render_to_string(template_name, context, request, using=using)
              ^^^^^^^^^^^^^^^^^^^^^^^^^^^^^^^^^^^^^^^^^^^^^^^^^^^^^^^^^^^^^^^^^^^^^
  File "C:\Users\DEXY GURUNG\Documents\ByteSoft Nepal\LittleHeartNepal\LittleHeart\Lib\site-packages\django\template\loader.py", line 61, in render_to_string
    template = get_template(template_name, using=using)
               ^^^^^^^^^^^^^^^^^^^^^^^^^^^^^^^^^^^^^^^^
  File "C:\Users\DEXY GURUNG\Documents\ByteSoft Nepal\LittleHeartNepal\LittleHeart\Lib\site-packages\django\template\loader.py", line 15, in get_template
    return engine.get_template(template_name)
           ^^^^^^^^^^^^^^^^^^^^^^^^^^^^^^^^^^
  File "C:\Users\DEXY GURUNG\Documents\ByteSoft Nepal\LittleHeartNepal\LittleHeart\Lib\site-packages\django\template\backends\django.py", line 79, in get_template
    return Template(self.engine.get_template(template_name), self)
                    ^^^^^^^^^^^^^^^^^^^^^^^^^^^^^^^^^^^^^^^
  File "C:\Users\DEXY GURUNG\Documents\ByteSoft Nepal\LittleHeartNepal\LittleHeart\Lib\site-packages\django\template\engine.py", line 177, in get_template
    template, origin = self.find_template(template_name)
                       ^^^^^^^^^^^^^^^^^^^^^^^^^^^^^^^^^
  File "C:\Users\DEXY GURUNG\Documents\ByteSoft Nepal\LittleHeartNepal\LittleHeart\Lib\site-packages\django\template\engine.py", line 159, in find_template
    template = loader.get_template(name, skip=skip)
               ^^^^^^^^^^^^^^^^^^^^^^^^^^^^^^^^^^^^
  File "C:\Users\DEXY GURUNG\Documents\ByteSoft Nepal\LittleHeartNepal\LittleHeart\Lib\site-packages\django\template\loaders\cached.py", line 57, in get_template
    template = super().get_template(template_name, skip)
               ^^^^^^^^^^^^^^^^^^^^^^^^^^^^^^^^^^^^^^^^^
  File "C:\Users\DEXY GURUNG\Documents\ByteSoft Nepal\LittleHeartNepal\LittleHeart\Lib\site-packages\django\template\loaders\base.py", line 28, in get_template
    return Template(
           ^^^^^^^^^
  File "C:\Users\DEXY GURUNG\Documents\ByteSoft Nepal\LittleHeartNepal\LittleHeart\Lib\site-packages\django\template\base.py", line 154, in __init__
    self.nodelist = self.compile_nodelist()
                    ^^^^^^^^^^^^^^^^^^^^^^^
  File "C:\Users\DEXY GURUNG\Documents\ByteSoft Nepal\LittleHeartNepal\LittleHeart\Lib\site-packages\django\template\base.py", line 196, in compile_nodelist
    nodelist = parser.parse()
               ^^^^^^^^^^^^^^
  File "C:\Users\DEXY GURUNG\Documents\ByteSoft Nepal\LittleHeartNepal\LittleHeart\Lib\site-packages\django\template\base.py", line 518, in parse
    raise self.error(token, e)
  File "C:\Users\DEXY GURUNG\Documents\ByteSoft Nepal\LittleHeartNepal\LittleHeart\Lib\site-packages\django\template\base.py", line 516, in parse
    compiled_result = compile_func(self, token)
                      ^^^^^^^^^^^^^^^^^^^^^^^^^
  File "C:\Users\DEXY GURUNG\Documents\ByteSoft Nepal\LittleHeartNepal\LittleHeart\Lib\site-packages\django\template\loader_tags.py", line 299, in do_extends
    nodelist = parser.parse()
               ^^^^^^^^^^^^^^
  File "C:\Users\DEXY GURUNG\Documents\ByteSoft Nepal\LittleHeartNepal\LittleHeart\Lib\site-packages\django\template\base.py", line 518, in parse
    raise self.error(token, e)
  File "C:\Users\DEXY GURUNG\Documents\ByteSoft Nepal\LittleHeartNepal\LittleHeart\Lib\site-packages\django\template\base.py", line 516, in parse
    compiled_result = compile_func(self, token)
                      ^^^^^^^^^^^^^^^^^^^^^^^^^
  File "C:\Users\DEXY GURUNG\Documents\ByteSoft Nepal\LittleHeartNepal\LittleHeart\Lib\site-packages\django\template\loader_tags.py", line 234, in do_block
    nodelist = parser.parse(("endblock",))
               ^^^^^^^^^^^^^^^^^^^^^^^^^^^
  File "C:\Users\DEXY GURUNG\Documents\ByteSoft Nepal\LittleHeartNepal\LittleHeart\Lib\site-packages\django\template\base.py", line 518, in parse
    raise self.error(token, e)
  File "C:\Users\DEXY GURUNG\Documents\ByteSoft Nepal\LittleHeartNepal\LittleHeart\Lib\site-packages\django\template\base.py", line 516, in parse
    compiled_result = compile_func(self, token)
                      ^^^^^^^^^^^^^^^^^^^^^^^^^
  File "C:\Users\DEXY GURUNG\Documents\ByteSoft Nepal\LittleHeartNepal\LittleHeart\Lib\site-packages\django\template\defaulttags.py", line 962, in do_if
    nodelist = parser.parse(("elif", "else", "endif"))
               ^^^^^^^^^^^^^^^^^^^^^^^^^^^^^^^^^^^^^^^
  File "C:\Users\DEXY GURUNG\Documents\ByteSoft Nepal\LittleHeartNepal\LittleHeart\Lib\site-packages\django\template\base.py", line 518, in parse
    raise self.error(token, e)
  File "C:\Users\DEXY GURUNG\Documents\ByteSoft Nepal\LittleHeartNepal\LittleHeart\Lib\site-packages\django\template\base.py", line 516, in parse
    compiled_result = compile_func(self, token)
                      ^^^^^^^^^^^^^^^^^^^^^^^^^
  File "C:\Users\DEXY GURUNG\Documents\ByteSoft Nepal\LittleHeartNepal\LittleHeart\Lib\site-packages\django\template\defaulttags.py", line 862, in do_for
    nodelist_loop = parser.parse(
                    ^^^^^^^^^^^^^
  File "C:\Users\DEXY GURUNG\Documents\ByteSoft Nepal\LittleHeartNepal\LittleHeart\Lib\site-packages\django\template\base.py", line 518, in parse
    raise self.error(token, e)
  File "C:\Users\DEXY GURUNG\Documents\ByteSoft Nepal\LittleHeartNepal\LittleHeart\Lib\site-packages\django\template\base.py", line 516, in parse
    compiled_result = compile_func(self, token)
                      ^^^^^^^^^^^^^^^^^^^^^^^^^
  File "C:\Users\DEXY GURUNG\Documents\ByteSoft Nepal\LittleHeartNepal\LittleHeart\Lib\site-packages\django\template\defaulttags.py", line 962, in do_if
    nodelist = parser.parse(("elif", "else", "endif"))
               ^^^^^^^^^^^^^^^^^^^^^^^^^^^^^^^^^^^^^^^
  File "C:\Users\DEXY GURUNG\Documents\ByteSoft Nepal\LittleHeartNepal\LittleHeart\Lib\site-packages\django\template\base.py", line 512, in parse
    self.invalid_block_tag(token, command, parse_until)
  File "C:\Users\DEXY GURUNG\Documents\ByteSoft Nepal\LittleHeartNepal\LittleHeart\Lib\site-packages\django\template\base.py", line 567, in invalid_block_tag
    raise self.error(
django.template.exceptions.TemplateSyntaxError: Invalid block tag on line 255: 'endfor', expected 'elif', 'else' or 'endif'. Did you forget to register or load this tag?
ERROR 2025-06-09 10:56:02,843 log Internal Server Error: /register/
Traceback (most recent call last):
  File "C:\Users\DEXY GURUNG\Documents\ByteSoft Nepal\LittleHeartNepal\LittleHeart\Lib\site-packages\django\template\base.py", line 510, in parse
    compile_func = self.tags[command]
                   ~~~~~~~~~^^^^^^^^^
KeyError: 'endfor'

During handling of the above exception, another exception occurred:

Traceback (most recent call last):
  File "C:\Users\DEXY GURUNG\Documents\ByteSoft Nepal\LittleHeartNepal\LittleHeart\Lib\site-packages\django\core\handlers\exception.py", line 55, in inner
    response = get_response(request)
               ^^^^^^^^^^^^^^^^^^^^^
  File "C:\Users\DEXY GURUNG\Documents\ByteSoft Nepal\LittleHeartNepal\LittleHeart\Lib\site-packages\django\core\handlers\base.py", line 197, in _get_response
    response = wrapped_callback(request, *callback_args, **callback_kwargs)
               ^^^^^^^^^^^^^^^^^^^^^^^^^^^^^^^^^^^^^^^^^^^^^^^^^^^^^^^^^^^^
  File "C:\Users\DEXY GURUNG\Documents\ByteSoft Nepal\LittleHeartNepal\frontend_littleheart\views.py", line 110, in register
    return render(request, 'frontend_littleheart/register.html', {'form': form})
           ^^^^^^^^^^^^^^^^^^^^^^^^^^^^^^^^^^^^^^^^^^^^^^^^^^^^^^^^^^^^^^^^^^^^^
  File "C:\Users\DEXY GURUNG\Documents\ByteSoft Nepal\LittleHeartNepal\LittleHeart\Lib\site-packages\django\shortcuts.py", line 25, in render
    content = loader.render_to_string(template_name, context, request, using=using)
              ^^^^^^^^^^^^^^^^^^^^^^^^^^^^^^^^^^^^^^^^^^^^^^^^^^^^^^^^^^^^^^^^^^^^^
  File "C:\Users\DEXY GURUNG\Documents\ByteSoft Nepal\LittleHeartNepal\LittleHeart\Lib\site-packages\django\template\loader.py", line 61, in render_to_string
    template = get_template(template_name, using=using)
               ^^^^^^^^^^^^^^^^^^^^^^^^^^^^^^^^^^^^^^^^
  File "C:\Users\DEXY GURUNG\Documents\ByteSoft Nepal\LittleHeartNepal\LittleHeart\Lib\site-packages\django\template\loader.py", line 15, in get_template
    return engine.get_template(template_name)
           ^^^^^^^^^^^^^^^^^^^^^^^^^^^^^^^^^^
  File "C:\Users\DEXY GURUNG\Documents\ByteSoft Nepal\LittleHeartNepal\LittleHeart\Lib\site-packages\django\template\backends\django.py", line 79, in get_template
    return Template(self.engine.get_template(template_name), self)
                    ^^^^^^^^^^^^^^^^^^^^^^^^^^^^^^^^^^^^^^^
  File "C:\Users\DEXY GURUNG\Documents\ByteSoft Nepal\LittleHeartNepal\LittleHeart\Lib\site-packages\django\template\engine.py", line 177, in get_template
    template, origin = self.find_template(template_name)
                       ^^^^^^^^^^^^^^^^^^^^^^^^^^^^^^^^^
  File "C:\Users\DEXY GURUNG\Documents\ByteSoft Nepal\LittleHeartNepal\LittleHeart\Lib\site-packages\django\template\engine.py", line 159, in find_template
    template = loader.get_template(name, skip=skip)
               ^^^^^^^^^^^^^^^^^^^^^^^^^^^^^^^^^^^^
  File "C:\Users\DEXY GURUNG\Documents\ByteSoft Nepal\LittleHeartNepal\LittleHeart\Lib\site-packages\django\template\loaders\cached.py", line 57, in get_template
    template = super().get_template(template_name, skip)
               ^^^^^^^^^^^^^^^^^^^^^^^^^^^^^^^^^^^^^^^^^
  File "C:\Users\DEXY GURUNG\Documents\ByteSoft Nepal\LittleHeartNepal\LittleHeart\Lib\site-packages\django\template\loaders\base.py", line 28, in get_template
    return Template(
           ^^^^^^^^^
  File "C:\Users\DEXY GURUNG\Documents\ByteSoft Nepal\LittleHeartNepal\LittleHeart\Lib\site-packages\django\template\base.py", line 154, in __init__
    self.nodelist = self.compile_nodelist()
                    ^^^^^^^^^^^^^^^^^^^^^^^
  File "C:\Users\DEXY GURUNG\Documents\ByteSoft Nepal\LittleHeartNepal\LittleHeart\Lib\site-packages\django\template\base.py", line 196, in compile_nodelist
    nodelist = parser.parse()
               ^^^^^^^^^^^^^^
  File "C:\Users\DEXY GURUNG\Documents\ByteSoft Nepal\LittleHeartNepal\LittleHeart\Lib\site-packages\django\template\base.py", line 518, in parse
    raise self.error(token, e)
  File "C:\Users\DEXY GURUNG\Documents\ByteSoft Nepal\LittleHeartNepal\LittleHeart\Lib\site-packages\django\template\base.py", line 516, in parse
    compiled_result = compile_func(self, token)
                      ^^^^^^^^^^^^^^^^^^^^^^^^^
  File "C:\Users\DEXY GURUNG\Documents\ByteSoft Nepal\LittleHeartNepal\LittleHeart\Lib\site-packages\django\template\loader_tags.py", line 299, in do_extends
    nodelist = parser.parse()
               ^^^^^^^^^^^^^^
  File "C:\Users\DEXY GURUNG\Documents\ByteSoft Nepal\LittleHeartNepal\LittleHeart\Lib\site-packages\django\template\base.py", line 518, in parse
    raise self.error(token, e)
  File "C:\Users\DEXY GURUNG\Documents\ByteSoft Nepal\LittleHeartNepal\LittleHeart\Lib\site-packages\django\template\base.py", line 516, in parse
    compiled_result = compile_func(self, token)
                      ^^^^^^^^^^^^^^^^^^^^^^^^^
  File "C:\Users\DEXY GURUNG\Documents\ByteSoft Nepal\LittleHeartNepal\LittleHeart\Lib\site-packages\django\template\loader_tags.py", line 234, in do_block
    nodelist = parser.parse(("endblock",))
               ^^^^^^^^^^^^^^^^^^^^^^^^^^^
  File "C:\Users\DEXY GURUNG\Documents\ByteSoft Nepal\LittleHeartNepal\LittleHeart\Lib\site-packages\django\template\base.py", line 518, in parse
    raise self.error(token, e)
  File "C:\Users\DEXY GURUNG\Documents\ByteSoft Nepal\LittleHeartNepal\LittleHeart\Lib\site-packages\django\template\base.py", line 516, in parse
    compiled_result = compile_func(self, token)
                      ^^^^^^^^^^^^^^^^^^^^^^^^^
  File "C:\Users\DEXY GURUNG\Documents\ByteSoft Nepal\LittleHeartNepal\LittleHeart\Lib\site-packages\django\template\defaulttags.py", line 962, in do_if
    nodelist = parser.parse(("elif", "else", "endif"))
               ^^^^^^^^^^^^^^^^^^^^^^^^^^^^^^^^^^^^^^^
  File "C:\Users\DEXY GURUNG\Documents\ByteSoft Nepal\LittleHeartNepal\LittleHeart\Lib\site-packages\django\template\base.py", line 518, in parse
    raise self.error(token, e)
  File "C:\Users\DEXY GURUNG\Documents\ByteSoft Nepal\LittleHeartNepal\LittleHeart\Lib\site-packages\django\template\base.py", line 516, in parse
    compiled_result = compile_func(self, token)
                      ^^^^^^^^^^^^^^^^^^^^^^^^^
  File "C:\Users\DEXY GURUNG\Documents\ByteSoft Nepal\LittleHeartNepal\LittleHeart\Lib\site-packages\django\template\defaulttags.py", line 862, in do_for
    nodelist_loop = parser.parse(
                    ^^^^^^^^^^^^^
  File "C:\Users\DEXY GURUNG\Documents\ByteSoft Nepal\LittleHeartNepal\LittleHeart\Lib\site-packages\django\template\base.py", line 518, in parse
    raise self.error(token, e)
  File "C:\Users\DEXY GURUNG\Documents\ByteSoft Nepal\LittleHeartNepal\LittleHeart\Lib\site-packages\django\template\base.py", line 516, in parse
    compiled_result = compile_func(self, token)
                      ^^^^^^^^^^^^^^^^^^^^^^^^^
  File "C:\Users\DEXY GURUNG\Documents\ByteSoft Nepal\LittleHeartNepal\LittleHeart\Lib\site-packages\django\template\defaulttags.py", line 962, in do_if
    nodelist = parser.parse(("elif", "else", "endif"))
               ^^^^^^^^^^^^^^^^^^^^^^^^^^^^^^^^^^^^^^^
  File "C:\Users\DEXY GURUNG\Documents\ByteSoft Nepal\LittleHeartNepal\LittleHeart\Lib\site-packages\django\template\base.py", line 512, in parse
    self.invalid_block_tag(token, command, parse_until)
  File "C:\Users\DEXY GURUNG\Documents\ByteSoft Nepal\LittleHeartNepal\LittleHeart\Lib\site-packages\django\template\base.py", line 567, in invalid_block_tag
    raise self.error(
django.template.exceptions.TemplateSyntaxError: Invalid block tag on line 255: 'endfor', expected 'elif', 'else' or 'endif'. Did you forget to register or load this tag?
